<?xml version="1.0" encoding="UTF-8"?>
<!-- Generated by org.testng.reporters.JUnitReportReporter -->
<testsuite hostname="Vijay-PC" name="com.nyco.qa.testcases.LoginPageTest" tests="3" failures="0" timestamp="11 May 2019 12:35:11 GMT" time="45.764" errors="0">
  <testcase name="nycoLogotest" time="14.502" classname="com.nyco.qa.testcases.LoginPageTest"/>
  <testcase name="validateLoingPageTilte" time="11.696" classname="com.nyco.qa.testcases.LoginPageTest"/>
  <testcase name="loginTest" time="19.566" classname="com.nyco.qa.testcases.LoginPageTest"/>
</testsuite> <!-- com.nyco.qa.testcases.LoginPageTest -->
